<?xml version="1.0" encoding="UTF-8"?>
<!-- Generated by org.testng.reporters.JUnitXMLReporter -->
<testsuite ignored="2" hostname="DESKTOP-LKHK7R7" failures="0" tests="0" time="0.277" errors="0" timestamp="2023-11-28T15:01:12 IST">
  <testcase classname="demowebshop_testcases.AccountRegistrationTest" name="test_accountregistration" time="0.0">
    <ignored/>
  </testcase> <!-- test_accountregistration -->
  <testcase classname="demowebshop_testcases.TC_02_LoginTest" name="login_test" time="0.0">
    <ignored/>
  </testcase> <!-- login_test -->
</testsuite>
