<?xml version="1.0" encoding="UTF-8"?>
<!-- Generated by org.testng.reporters.JUnitXMLReporter -->
<testsuite ignored="0" hostname="DESKTOP-LKHK7R7" failures="0" tests="2" name="demowebshopchromeTest" time="23.821" errors="0" timestamp="2023-11-29T20:11:55 IST">
  <testcase classname="demowebshop_testcases.AccountRegistrationTest" name="test_accountregistration" time="4.774"/>
  <testcase classname="demowebshop_testcases.TC_02_LoginTest" name="login_test" time="3.816"/>
</testsuite> <!-- demowebshopchromeTest -->
