<?xml version="1.0" encoding="UTF-8"?>
<testng-results ignored="0" total="0" passed="0" failed="0" skipped="0">
  <reporter-output>
  </reporter-output>
  <suite started-at="2023-11-28T15:01:11 IST" name="Suite" finished-at="2023-11-28T15:01:12 IST" duration-ms="277">
    <groups>
    </groups>
    <test started-at="2023-11-28T15:01:11 IST" name="demowebshopchromeTest" finished-at="2023-11-28T15:01:12 IST" duration-ms="277">
    </test> <!-- demowebshopchromeTest -->
  </suite> <!-- Suite -->
</testng-results>
